[debug] [2023-02-08T13:42:53.063Z] ----------------------------------------------------------------------
[debug] [2023-02-08T13:42:53.070Z] Command:       C:\Program Files\nodejs\node.exe C:\Users\Default User.HP-Elitebook\AppData\Roaming\npm\node_modules\firebase-tools\lib\bin\firebase.js deploy
[debug] [2023-02-08T13:42:53.071Z] CLI Version:   11.22.0
[debug] [2023-02-08T13:42:53.072Z] Platform:      win32
[debug] [2023-02-08T13:42:53.072Z] Node Version:  v19.5.0
[debug] [2023-02-08T13:42:53.072Z] Time:          Wed Feb 08 2023 19:42:53 GMT+0600 (Bangladesh Standard Time)
[debug] [2023-02-08T13:42:53.073Z] ----------------------------------------------------------------------
[debug] 
[debug] [2023-02-08T13:42:53.081Z] >>> [apiv2][query] GET https://firebase-public.firebaseio.com/cli.json [none]
[debug] [2023-02-08T13:42:53.373Z] > command requires scopes: ["email","openid","https://www.googleapis.com/auth/cloudplatformprojects.readonly","https://www.googleapis.com/auth/firebase","https://www.googleapis.com/auth/cloud-platform"]
[debug] [2023-02-08T13:42:53.374Z] > authorizing via signed-in user (rahatomarfaruque@gmail.com)
[debug] [2023-02-08T13:42:53.374Z] [iam] checking project techquest-f0116 for permissions ["firebase.projects.get","firebasehosting.sites.update"]
[debug] [2023-02-08T13:42:53.377Z] > refreshing access token with scopes: []
[debug] [2023-02-08T13:42:53.380Z] >>> [apiv2][query] POST https://www.googleapis.com/oauth2/v3/token [none]
[debug] [2023-02-08T13:42:53.380Z] >>> [apiv2][body] POST https://www.googleapis.com/oauth2/v3/token [omitted]
[debug] [2023-02-08T13:42:54.103Z] <<< [apiv2][status] POST https://www.googleapis.com/oauth2/v3/token 200
[debug] [2023-02-08T13:42:54.104Z] <<< [apiv2][body] POST https://www.googleapis.com/oauth2/v3/token [omitted]
[debug] [2023-02-08T13:42:54.161Z] >>> [apiv2][query] POST https://cloudresourcemanager.googleapis.com/v1/projects/techquest-f0116:testIamPermissions [none]
[debug] [2023-02-08T13:42:54.163Z] >>> [apiv2][(partial)header] POST https://cloudresourcemanager.googleapis.com/v1/projects/techquest-f0116:testIamPermissions x-goog-quota-user=projects/techquest-f0116
[debug] [2023-02-08T13:42:54.163Z] >>> [apiv2][body] POST https://cloudresourcemanager.googleapis.com/v1/projects/techquest-f0116:testIamPermissions {"permissions":["firebase.projects.get","firebasehosting.sites.update"]}
[debug] [2023-02-08T13:42:54.174Z] <<< [apiv2][status] GET https://firebase-public.firebaseio.com/cli.json 200
[debug] [2023-02-08T13:42:54.175Z] <<< [apiv2][body] GET https://firebase-public.firebaseio.com/cli.json {"cloudBuildErrorAfter":1594252800000,"cloudBuildWarnAfter":1590019200000,"defaultNode10After":1594252800000,"minVersion":"3.0.5","node8DeploysDisabledAfter":1613390400000,"node8RuntimeDisabledAfter":1615809600000,"node8WarnAfter":1600128000000}
[debug] [2023-02-08T13:42:56.312Z] <<< [apiv2][status] POST https://cloudresourcemanager.googleapis.com/v1/projects/techquest-f0116:testIamPermissions 200
[debug] [2023-02-08T13:42:56.312Z] <<< [apiv2][body] POST https://cloudresourcemanager.googleapis.com/v1/projects/techquest-f0116:testIamPermissions {}
[debug] [2023-02-08T13:42:56.312Z] [iam] error while checking permissions, command may fail: FirebaseError: Authorization failed. This account is missing the following required permissions on project techquest-f0116:

  firebase.projects.get
  firebasehosting.sites.update
[debug] [2023-02-08T13:42:56.314Z] >>> [apiv2][query] GET https://firebase.googleapis.com/v1beta1/projects/techquest-f0116 [none]
[debug] [2023-02-08T13:42:58.321Z] <<< [apiv2][status] GET https://firebase.googleapis.com/v1beta1/projects/techquest-f0116 403
[debug] [2023-02-08T13:42:58.321Z] <<< [apiv2][body] GET https://firebase.googleapis.com/v1beta1/projects/techquest-f0116 {"error":{"code":403,"message":"The caller does not have permission","status":"PERMISSION_DENIED"}}
[debug] [2023-02-08T13:42:58.324Z] HTTP Error: 403, The caller does not have permission
[debug] [2023-02-08T13:42:58.824Z] FirebaseError: HTTP Error: 403, The caller does not have permission
    at responseToError (C:\Users\Default User.HP-Elitebook\AppData\Roaming\npm\node_modules\firebase-tools\lib\responseToError.js:49:12)
    at RetryOperation._fn (C:\Users\Default User.HP-Elitebook\AppData\Roaming\npm\node_modules\firebase-tools\lib\apiv2.js:288:77)
    at process.processTicksAndRejections (node:internal/process/task_queues:95:5)
[error] 
[error] Error: Failed to get Firebase project techquest-f0116. Please make sure the project exists and your account has permission to access it.
[debug] [2023-02-08T13:48:23.430Z] ----------------------------------------------------------------------
[debug] [2023-02-08T13:48:23.436Z] Command:       C:\Program Files\nodejs\node.exe C:\Users\Default User.HP-Elitebook\AppData\Roaming\npm\node_modules\firebase-tools\lib\bin\firebase.js deploy
[debug] [2023-02-08T13:48:23.438Z] CLI Version:   11.22.0
[debug] [2023-02-08T13:48:23.438Z] Platform:      win32
[debug] [2023-02-08T13:48:23.438Z] Node Version:  v19.5.0
[debug] [2023-02-08T13:48:23.439Z] Time:          Wed Feb 08 2023 19:48:23 GMT+0600 (Bangladesh Standard Time)
[debug] [2023-02-08T13:48:23.439Z] ----------------------------------------------------------------------
[debug] 
[debug] [2023-02-08T13:48:23.650Z] > command requires scopes: ["email","openid","https://www.googleapis.com/auth/cloudplatformprojects.readonly","https://www.googleapis.com/auth/firebase","https://www.googleapis.com/auth/cloud-platform"]
[debug] [2023-02-08T13:48:23.652Z] > authorizing via signed-in user (rahatomarfaruque@gmail.com)
[debug] [2023-02-08T13:48:23.652Z] [iam] checking project techquest-f0116 for permissions ["firebase.projects.get","firebasehosting.sites.update"]
[debug] [2023-02-08T13:48:23.659Z] >>> [apiv2][query] POST https://cloudresourcemanager.googleapis.com/v1/projects/techquest-f0116:testIamPermissions [none]
[debug] [2023-02-08T13:48:23.660Z] >>> [apiv2][(partial)header] POST https://cloudresourcemanager.googleapis.com/v1/projects/techquest-f0116:testIamPermissions x-goog-quota-user=projects/techquest-f0116
[debug] [2023-02-08T13:48:23.660Z] >>> [apiv2][body] POST https://cloudresourcemanager.googleapis.com/v1/projects/techquest-f0116:testIamPermissions {"permissions":["firebase.projects.get","firebasehosting.sites.update"]}
[debug] [2023-02-08T13:48:25.829Z] <<< [apiv2][status] POST https://cloudresourcemanager.googleapis.com/v1/projects/techquest-f0116:testIamPermissions 200
[debug] [2023-02-08T13:48:25.830Z] <<< [apiv2][body] POST https://cloudresourcemanager.googleapis.com/v1/projects/techquest-f0116:testIamPermissions {}
[debug] [2023-02-08T13:48:25.831Z] [iam] error while checking permissions, command may fail: FirebaseError: Authorization failed. This account is missing the following required permissions on project techquest-f0116:

  firebase.projects.get
  firebasehosting.sites.update
[debug] [2023-02-08T13:48:25.833Z] >>> [apiv2][query] GET https://firebase.googleapis.com/v1beta1/projects/techquest-f0116 [none]
[debug] [2023-02-08T13:48:27.821Z] <<< [apiv2][status] GET https://firebase.googleapis.com/v1beta1/projects/techquest-f0116 403
[debug] [2023-02-08T13:48:27.822Z] <<< [apiv2][body] GET https://firebase.googleapis.com/v1beta1/projects/techquest-f0116 {"error":{"code":403,"message":"The caller does not have permission","status":"PERMISSION_DENIED"}}
[debug] [2023-02-08T13:48:27.823Z] HTTP Error: 403, The caller does not have permission
[debug] [2023-02-08T13:48:29.640Z] FirebaseError: HTTP Error: 403, The caller does not have permission
    at responseToError (C:\Users\Default User.HP-Elitebook\AppData\Roaming\npm\node_modules\firebase-tools\lib\responseToError.js:49:12)
    at RetryOperation._fn (C:\Users\Default User.HP-Elitebook\AppData\Roaming\npm\node_modules\firebase-tools\lib\apiv2.js:288:77)
    at process.processTicksAndRejections (node:internal/process/task_queues:95:5)
[error] 
[error] Error: Failed to get Firebase project techquest-f0116. Please make sure the project exists and your account has permission to access it.
